<?xml version="1.0" encoding="UTF-8"?>
<testsuite xmlns:xsi="http://www.w3.org/2001/XMLSchema-instance" xsi:noNamespaceSchemaLocation="https://maven.apache.org/surefire/maven-surefire-plugin/xsd/surefire-test-report.xsd" name="com.sb.transaction.TransactionServiceTest" time="0.015" tests="1" errors="0" skipped="0" failures="0">
  <properties>
    <property name="java.specification.version" value="16"/>
    <property name="sun.jnu.encoding" value="UTF-8"/>
    <property name="java.class.path" value="/home/dhanuka/research/springboot/sb-transaction-service/target/test-classes:/home/dhanuka/research/springboot/sb-transaction-service/target/classes:/home/dhanuka/.m2/repository/org/springframework/boot/spring-boot-starter-web/2.5.2/spring-boot-starter-web-2.5.2.jar:/home/dhanuka/.m2/repository/org/springframework/boot/spring-boot-starter-json/2.5.2/spring-boot-starter-json-2.5.2.jar:/home/dhanuka/.m2/repository/org/springframework/boot/spring-boot-starter-tomcat/2.5.2/spring-boot-starter-tomcat-2.5.2.jar:/home/dhanuka/.m2/repository/org/apache/tomcat/embed/tomcat-embed-core/9.0.48/tomcat-embed-core-9.0.48.jar:/home/dhanuka/.m2/repository/org/apache/tomcat/embed/tomcat-embed-websocket/9.0.48/tomcat-embed-websocket-9.0.48.jar:/home/dhanuka/.m2/repository/org/springframework/spring-web/5.3.8/spring-web-5.3.8.jar:/home/dhanuka/.m2/repository/org/springframework/spring-beans/5.3.8/spring-beans-5.3.8.jar:/home/dhanuka/.m2/repository/org/springframework/spring-webmvc/5.3.8/spring-webmvc-5.3.8.jar:/home/dhanuka/.m2/repository/org/springframework/spring-aop/5.3.8/spring-aop-5.3.8.jar:/home/dhanuka/.m2/repository/org/springframework/spring-context/5.3.8/spring-context-5.3.8.jar:/home/dhanuka/.m2/repository/org/springframework/spring-expression/5.3.8/spring-expression-5.3.8.jar:/home/dhanuka/.m2/repository/org/springframework/boot/spring-boot-starter-test/2.5.2/spring-boot-starter-test-2.5.2.jar:/home/dhanuka/.m2/repository/org/springframework/boot/spring-boot-test/2.5.2/spring-boot-test-2.5.2.jar:/home/dhanuka/.m2/repository/org/springframework/boot/spring-boot-test-autoconfigure/2.5.2/spring-boot-test-autoconfigure-2.5.2.jar:/home/dhanuka/.m2/repository/com/jayway/jsonpath/json-path/2.5.0/json-path-2.5.0.jar:/home/dhanuka/.m2/repository/net/minidev/json-smart/2.4.7/json-smart-2.4.7.jar:/home/dhanuka/.m2/repository/net/minidev/accessors-smart/2.4.7/accessors-smart-2.4.7.jar:/home/dhanuka/.m2/repository/org/ow2/asm/asm/9.1/asm-9.1.jar:/home/dhanuka/.m2/repository/jakarta/xml/bind/jakarta.xml.bind-api/2.3.3/jakarta.xml.bind-api-2.3.3.jar:/home/dhanuka/.m2/repository/jakarta/activation/jakarta.activation-api/1.2.2/jakarta.activation-api-1.2.2.jar:/home/dhanuka/.m2/repository/org/assertj/assertj-core/3.19.0/assertj-core-3.19.0.jar:/home/dhanuka/.m2/repository/org/hamcrest/hamcrest/2.2/hamcrest-2.2.jar:/home/dhanuka/.m2/repository/org/junit/jupiter/junit-jupiter/5.7.2/junit-jupiter-5.7.2.jar:/home/dhanuka/.m2/repository/org/junit/jupiter/junit-jupiter-params/5.7.2/junit-jupiter-params-5.7.2.jar:/home/dhanuka/.m2/repository/org/mockito/mockito-core/3.9.0/mockito-core-3.9.0.jar:/home/dhanuka/.m2/repository/net/bytebuddy/byte-buddy/1.10.22/byte-buddy-1.10.22.jar:/home/dhanuka/.m2/repository/net/bytebuddy/byte-buddy-agent/1.10.22/byte-buddy-agent-1.10.22.jar:/home/dhanuka/.m2/repository/org/objenesis/objenesis/3.2/objenesis-3.2.jar:/home/dhanuka/.m2/repository/org/skyscreamer/jsonassert/1.5.0/jsonassert-1.5.0.jar:/home/dhanuka/.m2/repository/com/vaadin/external/google/android-json/0.0.20131108.vaadin1/android-json-0.0.20131108.vaadin1.jar:/home/dhanuka/.m2/repository/org/springframework/spring-core/5.3.8/spring-core-5.3.8.jar:/home/dhanuka/.m2/repository/org/springframework/spring-jcl/5.3.8/spring-jcl-5.3.8.jar:/home/dhanuka/.m2/repository/org/springframework/spring-test/5.3.8/spring-test-5.3.8.jar:/home/dhanuka/.m2/repository/org/xmlunit/xmlunit-core/2.8.2/xmlunit-core-2.8.2.jar:/home/dhanuka/.m2/repository/javax/xml/bind/jaxb-api/2.3.1/jaxb-api-2.3.1.jar:/home/dhanuka/.m2/repository/javax/activation/javax.activation-api/1.2.0/javax.activation-api-1.2.0.jar:/home/dhanuka/.m2/repository/com/sun/xml/bind/jaxb-core/2.3.0/jaxb-core-2.3.0.jar:/home/dhanuka/.m2/repository/com/sun/xml/bind/jaxb-impl/2.3.0/jaxb-impl-2.3.0.jar:/home/dhanuka/.m2/repository/org/mapstruct/mapstruct/1.4.2.Final/mapstruct-1.4.2.Final.jar:/home/dhanuka/.m2/repository/org/awaitility/awaitility/4.0.3/awaitility-4.0.3.jar:/home/dhanuka/.m2/repository/org/springframework/boot/spring-boot-starter/2.5.2/spring-boot-starter-2.5.2.jar:/home/dhanuka/.m2/repository/org/springframework/boot/spring-boot/2.5.2/spring-boot-2.5.2.jar:/home/dhanuka/.m2/repository/org/springframework/boot/spring-boot-autoconfigure/2.5.2/spring-boot-autoconfigure-2.5.2.jar:/home/dhanuka/.m2/repository/org/springframework/boot/spring-boot-starter-logging/2.5.2/spring-boot-starter-logging-2.5.2.jar:/home/dhanuka/.m2/repository/ch/qos/logback/logback-classic/1.2.3/logback-classic-1.2.3.jar:/home/dhanuka/.m2/repository/ch/qos/logback/logback-core/1.2.3/logback-core-1.2.3.jar:/home/dhanuka/.m2/repository/org/apache/logging/log4j/log4j-to-slf4j/2.14.1/log4j-to-slf4j-2.14.1.jar:/home/dhanuka/.m2/repository/org/apache/logging/log4j/log4j-api/2.14.1/log4j-api-2.14.1.jar:/home/dhanuka/.m2/repository/org/slf4j/jul-to-slf4j/1.7.31/jul-to-slf4j-1.7.31.jar:/home/dhanuka/.m2/repository/jakarta/annotation/jakarta.annotation-api/1.3.5/jakarta.annotation-api-1.3.5.jar:/home/dhanuka/.m2/repository/org/yaml/snakeyaml/1.28/snakeyaml-1.28.jar:/home/dhanuka/.m2/repository/org/springframework/boot/spring-boot-starter-data-jpa/2.5.2/spring-boot-starter-data-jpa-2.5.2.jar:/home/dhanuka/.m2/repository/org/springframework/boot/spring-boot-starter-aop/2.5.2/spring-boot-starter-aop-2.5.2.jar:/home/dhanuka/.m2/repository/org/aspectj/aspectjweaver/1.9.6/aspectjweaver-1.9.6.jar:/home/dhanuka/.m2/repository/org/springframework/boot/spring-boot-starter-jdbc/2.5.2/spring-boot-starter-jdbc-2.5.2.jar:/home/dhanuka/.m2/repository/com/zaxxer/HikariCP/4.0.3/HikariCP-4.0.3.jar:/home/dhanuka/.m2/repository/org/springframework/spring-jdbc/5.3.8/spring-jdbc-5.3.8.jar:/home/dhanuka/.m2/repository/jakarta/transaction/jakarta.transaction-api/1.3.3/jakarta.transaction-api-1.3.3.jar:/home/dhanuka/.m2/repository/jakarta/persistence/jakarta.persistence-api/2.2.3/jakarta.persistence-api-2.2.3.jar:/home/dhanuka/.m2/repository/org/hibernate/hibernate-core/5.4.32.Final/hibernate-core-5.4.32.Final.jar:/home/dhanuka/.m2/repository/org/javassist/javassist/3.27.0-GA/javassist-3.27.0-GA.jar:/home/dhanuka/.m2/repository/antlr/antlr/2.7.7/antlr-2.7.7.jar:/home/dhanuka/.m2/repository/org/jboss/jandex/2.2.3.Final/jandex-2.2.3.Final.jar:/home/dhanuka/.m2/repository/com/fasterxml/classmate/1.5.1/classmate-1.5.1.jar:/home/dhanuka/.m2/repository/org/dom4j/dom4j/2.1.3/dom4j-2.1.3.jar:/home/dhanuka/.m2/repository/org/hibernate/common/hibernate-commons-annotations/5.1.2.Final/hibernate-commons-annotations-5.1.2.Final.jar:/home/dhanuka/.m2/repository/org/glassfish/jaxb/jaxb-runtime/2.3.4/jaxb-runtime-2.3.4.jar:/home/dhanuka/.m2/repository/org/glassfish/jaxb/txw2/2.3.4/txw2-2.3.4.jar:/home/dhanuka/.m2/repository/com/sun/istack/istack-commons-runtime/3.0.12/istack-commons-runtime-3.0.12.jar:/home/dhanuka/.m2/repository/com/sun/activation/jakarta.activation/1.2.2/jakarta.activation-1.2.2.jar:/home/dhanuka/.m2/repository/org/springframework/data/spring-data-jpa/2.5.2/spring-data-jpa-2.5.2.jar:/home/dhanuka/.m2/repository/org/springframework/data/spring-data-commons/2.5.2/spring-data-commons-2.5.2.jar:/home/dhanuka/.m2/repository/org/springframework/spring-orm/5.3.8/spring-orm-5.3.8.jar:/home/dhanuka/.m2/repository/org/springframework/spring-aspects/5.3.8/spring-aspects-5.3.8.jar:/home/dhanuka/.m2/repository/org/springframework/boot/spring-boot-starter-artemis/2.5.2/spring-boot-starter-artemis-2.5.2.jar:/home/dhanuka/.m2/repository/jakarta/jms/jakarta.jms-api/2.0.3/jakarta.jms-api-2.0.3.jar:/home/dhanuka/.m2/repository/jakarta/json/jakarta.json-api/1.1.6/jakarta.json-api-1.1.6.jar:/home/dhanuka/.m2/repository/org/springframework/spring-jms/5.3.8/spring-jms-5.3.8.jar:/home/dhanuka/.m2/repository/org/apache/activemq/artemis-jms-client/2.17.0/artemis-jms-client-2.17.0.jar:/home/dhanuka/.m2/repository/org/apache/activemq/artemis-selector/2.17.0/artemis-selector-2.17.0.jar:/home/dhanuka/.m2/repository/com/h2database/h2/1.4.200/h2-1.4.200.jar:/home/dhanuka/.m2/repository/mysql/mysql-connector-java/8.0.25/mysql-connector-java-8.0.25.jar:/home/dhanuka/.m2/repository/net/logstash/logback/logstash-logback-encoder/6.3/logstash-logback-encoder-6.3.jar:/home/dhanuka/.m2/repository/com/fasterxml/jackson/core/jackson-databind/2.12.3/jackson-databind-2.12.3.jar:/home/dhanuka/.m2/repository/org/springframework/boot/spring-boot-starter-validation/2.5.2/spring-boot-starter-validation-2.5.2.jar:/home/dhanuka/.m2/repository/org/apache/tomcat/embed/tomcat-embed-el/9.0.48/tomcat-embed-el-9.0.48.jar:/home/dhanuka/.m2/repository/org/hibernate/validator/hibernate-validator/6.2.0.Final/hibernate-validator-6.2.0.Final.jar:/home/dhanuka/.m2/repository/jakarta/validation/jakarta.validation-api/2.0.2/jakarta.validation-api-2.0.2.jar:/home/dhanuka/.m2/repository/org/springframework/boot/spring-boot-starter-actuator/2.5.2/spring-boot-starter-actuator-2.5.2.jar:/home/dhanuka/.m2/repository/org/springframework/boot/spring-boot-actuator-autoconfigure/2.5.2/spring-boot-actuator-autoconfigure-2.5.2.jar:/home/dhanuka/.m2/repository/org/springframework/boot/spring-boot-actuator/2.5.2/spring-boot-actuator-2.5.2.jar:/home/dhanuka/.m2/repository/io/micrometer/micrometer-core/1.7.1/micrometer-core-1.7.1.jar:/home/dhanuka/.m2/repository/org/hdrhistogram/HdrHistogram/2.1.12/HdrHistogram-2.1.12.jar:/home/dhanuka/.m2/repository/org/latencyutils/LatencyUtils/2.0.3/LatencyUtils-2.0.3.jar:/home/dhanuka/.m2/repository/org/projectlombok/lombok/1.18.20/lombok-1.18.20.jar:/home/dhanuka/.m2/repository/org/junit/jupiter/junit-jupiter-api/5.7.2/junit-jupiter-api-5.7.2.jar:/home/dhanuka/.m2/repository/org/apiguardian/apiguardian-api/1.1.0/apiguardian-api-1.1.0.jar:/home/dhanuka/.m2/repository/org/opentest4j/opentest4j/1.2.0/opentest4j-1.2.0.jar:/home/dhanuka/.m2/repository/org/junit/platform/junit-platform-commons/1.7.2/junit-platform-commons-1.7.2.jar:/home/dhanuka/.m2/repository/org/junit/jupiter/junit-jupiter-engine/5.7.2/junit-jupiter-engine-5.7.2.jar:/home/dhanuka/.m2/repository/org/junit/platform/junit-platform-engine/1.7.2/junit-platform-engine-1.7.2.jar:/home/dhanuka/.m2/repository/org/mockito/mockito-junit-jupiter/3.9.0/mockito-junit-jupiter-3.9.0.jar:/home/dhanuka/.m2/repository/com/github/JensPiegsa/wiremock-extension/0.4.0/wiremock-extension-0.4.0.jar:/home/dhanuka/.m2/repository/com/github/tomakehurst/wiremock/2.19.0/wiremock-2.19.0.jar:/home/dhanuka/.m2/repository/org/eclipse/jetty/jetty-server/9.4.42.v20210604/jetty-server-9.4.42.v20210604.jar:/home/dhanuka/.m2/repository/javax/servlet/javax.servlet-api/4.0.1/javax.servlet-api-4.0.1.jar:/home/dhanuka/.m2/repository/org/eclipse/jetty/jetty-http/9.4.42.v20210604/jetty-http-9.4.42.v20210604.jar:/home/dhanuka/.m2/repository/org/eclipse/jetty/jetty-io/9.4.42.v20210604/jetty-io-9.4.42.v20210604.jar:/home/dhanuka/.m2/repository/org/eclipse/jetty/jetty-servlet/9.4.42.v20210604/jetty-servlet-9.4.42.v20210604.jar:/home/dhanuka/.m2/repository/org/eclipse/jetty/jetty-security/9.4.42.v20210604/jetty-security-9.4.42.v20210604.jar:/home/dhanuka/.m2/repository/org/eclipse/jetty/jetty-util-ajax/9.4.42.v20210604/jetty-util-ajax-9.4.42.v20210604.jar:/home/dhanuka/.m2/repository/org/eclipse/jetty/jetty-servlets/9.4.42.v20210604/jetty-servlets-9.4.42.v20210604.jar:/home/dhanuka/.m2/repository/org/eclipse/jetty/jetty-continuation/9.4.42.v20210604/jetty-continuation-9.4.42.v20210604.jar:/home/dhanuka/.m2/repository/org/eclipse/jetty/jetty-util/9.4.42.v20210604/jetty-util-9.4.42.v20210604.jar:/home/dhanuka/.m2/repository/org/eclipse/jetty/jetty-webapp/9.4.42.v20210604/jetty-webapp-9.4.42.v20210604.jar:/home/dhanuka/.m2/repository/org/eclipse/jetty/jetty-xml/9.4.42.v20210604/jetty-xml-9.4.42.v20210604.jar:/home/dhanuka/.m2/repository/org/xmlunit/xmlunit-legacy/2.8.2/xmlunit-legacy-2.8.2.jar:/home/dhanuka/.m2/repository/net/sf/jopt-simple/jopt-simple/5.0.3/jopt-simple-5.0.3.jar:/home/dhanuka/.m2/repository/junit/junit/4.13.2/junit-4.13.2.jar:/home/dhanuka/.m2/repository/org/apache/commons/commons-lang3/3.12.0/commons-lang3-3.12.0.jar:/home/dhanuka/.m2/repository/com/flipkart/zjsonpatch/zjsonpatch/0.4.4/zjsonpatch-0.4.4.jar:/home/dhanuka/.m2/repository/com/github/jknack/handlebars/4.0.7/handlebars-4.0.7.jar:/home/dhanuka/.m2/repository/com/github/jknack/handlebars-helpers/4.0.7/handlebars-helpers-4.0.7.jar:/home/dhanuka/.m2/repository/org/springframework/statemachine/spring-statemachine-core/2.1.2.RELEASE/spring-statemachine-core-2.1.2.RELEASE.jar:/home/dhanuka/.m2/repository/org/springframework/spring-tx/5.3.8/spring-tx-5.3.8.jar:/home/dhanuka/.m2/repository/org/springframework/spring-messaging/5.3.8/spring-messaging-5.3.8.jar:/home/dhanuka/.m2/repository/com/atlassian/oai/swagger-request-validator-core/2.15.1/swagger-request-validator-core-2.15.1.jar:/home/dhanuka/.m2/repository/io/swagger/parser/v3/swagger-parser/2.0.24/swagger-parser-2.0.24.jar:/home/dhanuka/.m2/repository/io/swagger/parser/v3/swagger-parser-v2-converter/2.0.24/swagger-parser-v2-converter-2.0.24.jar:/home/dhanuka/.m2/repository/io/swagger/swagger-core/1.6.2/swagger-core-1.6.2.jar:/home/dhanuka/.m2/repository/io/swagger/swagger-models/1.6.2/swagger-models-1.6.2.jar:/home/dhanuka/.m2/repository/io/swagger/swagger-annotations/1.6.2/swagger-annotations-1.6.2.jar:/home/dhanuka/.m2/repository/javax/validation/validation-api/2.0.1.Final/validation-api-2.0.1.Final.jar:/home/dhanuka/.m2/repository/io/swagger/swagger-parser/1.0.53/swagger-parser-1.0.53.jar:/home/dhanuka/.m2/repository/org/slf4j/slf4j-ext/1.7.31/slf4j-ext-1.7.31.jar:/home/dhanuka/.m2/repository/io/swagger/swagger-compat-spec-parser/1.0.53/swagger-compat-spec-parser-1.0.53.jar:/home/dhanuka/.m2/repository/com/github/java-json-tools/json-patch/1.13/json-patch-1.13.jar:/home/dhanuka/.m2/repository/io/swagger/core/v3/swagger-models/2.1.5/swagger-models-2.1.5.jar:/home/dhanuka/.m2/repository/io/swagger/parser/v3/swagger-parser-core/2.0.24/swagger-parser-core-2.0.24.jar:/home/dhanuka/.m2/repository/io/swagger/parser/v3/swagger-parser-v3/2.0.24/swagger-parser-v3-2.0.24.jar:/home/dhanuka/.m2/repository/io/swagger/core/v3/swagger-core/2.1.5/swagger-core-2.1.5.jar:/home/dhanuka/.m2/repository/io/swagger/core/v3/swagger-annotations/2.1.5/swagger-annotations-2.1.5.jar:/home/dhanuka/.m2/repository/com/fasterxml/jackson/dataformat/jackson-dataformat-yaml/2.12.3/jackson-dataformat-yaml-2.12.3.jar:/home/dhanuka/.m2/repository/commons-io/commons-io/2.6/commons-io-2.6.jar:/home/dhanuka/.m2/repository/com/github/java-json-tools/json-schema-validator/2.2.14/json-schema-validator-2.2.14.jar:/home/dhanuka/.m2/repository/com/github/java-json-tools/jackson-coreutils-equivalence/1.0/jackson-coreutils-equivalence-1.0.jar:/home/dhanuka/.m2/repository/com/github/java-json-tools/jackson-coreutils/2.0/jackson-coreutils-2.0.jar:/home/dhanuka/.m2/repository/com/github/java-json-tools/msg-simple/1.2/msg-simple-1.2.jar:/home/dhanuka/.m2/repository/com/github/java-json-tools/btf/1.3/btf-1.3.jar:/home/dhanuka/.m2/repository/com/github/java-json-tools/json-schema-core/1.2.14/json-schema-core-1.2.14.jar:/home/dhanuka/.m2/repository/com/github/java-json-tools/uri-template/0.10/uri-template-0.10.jar:/home/dhanuka/.m2/repository/org/mozilla/rhino/1.7.7.2/rhino-1.7.7.2.jar:/home/dhanuka/.m2/repository/com/sun/mail/mailapi/1.6.2/mailapi-1.6.2.jar:/home/dhanuka/.m2/repository/joda-time/joda-time/2.10.5/joda-time-2.10.5.jar:/home/dhanuka/.m2/repository/com/googlecode/libphonenumber/libphonenumber/8.11.1/libphonenumber-8.11.1.jar:/home/dhanuka/.m2/repository/org/slf4j/slf4j-api/1.7.31/slf4j-api-1.7.31.jar:/home/dhanuka/.m2/repository/com/google/guava/guava/28.2-jre/guava-28.2-jre.jar:/home/dhanuka/.m2/repository/com/google/guava/failureaccess/1.0.1/failureaccess-1.0.1.jar:/home/dhanuka/.m2/repository/com/google/guava/listenablefuture/9999.0-empty-to-avoid-conflict-with-guava/listenablefuture-9999.0-empty-to-avoid-conflict-with-guava.jar:/home/dhanuka/.m2/repository/org/checkerframework/checker-qual/2.10.0/checker-qual-2.10.0.jar:/home/dhanuka/.m2/repository/com/google/errorprone/error_prone_annotations/2.3.4/error_prone_annotations-2.3.4.jar:/home/dhanuka/.m2/repository/com/google/j2objc/j2objc-annotations/1.3/j2objc-annotations-1.3.jar:/home/dhanuka/.m2/repository/com/google/code/findbugs/jsr305/3.0.2/jsr305-3.0.2.jar:/home/dhanuka/.m2/repository/com/atlassian/oai/swagger-request-validator-mockmvc/2.15.1/swagger-request-validator-mockmvc-2.15.1.jar:/home/dhanuka/.m2/repository/com/atlassian/oai/swagger-request-validator-springmvc/2.15.1/swagger-request-validator-springmvc-2.15.1.jar:/home/dhanuka/.m2/repository/org/apache/httpcomponents/httpasyncclient/4.1.4/httpasyncclient-4.1.4.jar:/home/dhanuka/.m2/repository/org/apache/httpcomponents/httpcore/4.4.14/httpcore-4.4.14.jar:/home/dhanuka/.m2/repository/org/apache/httpcomponents/httpcore-nio/4.4.14/httpcore-nio-4.4.14.jar:/home/dhanuka/.m2/repository/org/apache/httpcomponents/httpclient/4.5.13/httpclient-4.5.13.jar:/home/dhanuka/.m2/repository/commons-codec/commons-codec/1.15/commons-codec-1.15.jar:/home/dhanuka/.m2/repository/org/apache/activemq/artemis-jms-server/2.17.0/artemis-jms-server-2.17.0.jar:/home/dhanuka/.m2/repository/org/jboss/logging/jboss-logging/3.4.2.Final/jboss-logging-3.4.2.Final.jar:/home/dhanuka/.m2/repository/org/apache/activemq/artemis-core-client/2.17.0/artemis-core-client-2.17.0.jar:/home/dhanuka/.m2/repository/org/jgroups/jgroups/3.6.13.Final/jgroups-3.6.13.Final.jar:/home/dhanuka/.m2/repository/org/apache/johnzon/johnzon-core/1.2.13/johnzon-core-1.2.13.jar:/home/dhanuka/.m2/repository/io/netty/netty-transport-native-epoll/4.1.65.Final/netty-transport-native-epoll-4.1.65.Final-linux-x86_64.jar:/home/dhanuka/.m2/repository/io/netty/netty-transport-native-unix-common/4.1.65.Final/netty-transport-native-unix-common-4.1.65.Final.jar:/home/dhanuka/.m2/repository/io/netty/netty-transport-native-kqueue/4.1.65.Final/netty-transport-native-kqueue-4.1.65.Final-osx-x86_64.jar:/home/dhanuka/.m2/repository/io/netty/netty-codec-http/4.1.65.Final/netty-codec-http-4.1.65.Final.jar:/home/dhanuka/.m2/repository/io/netty/netty-buffer/4.1.65.Final/netty-buffer-4.1.65.Final.jar:/home/dhanuka/.m2/repository/io/netty/netty-transport/4.1.65.Final/netty-transport-4.1.65.Final.jar:/home/dhanuka/.m2/repository/io/netty/netty-resolver/4.1.65.Final/netty-resolver-4.1.65.Final.jar:/home/dhanuka/.m2/repository/io/netty/netty-handler/4.1.65.Final/netty-handler-4.1.65.Final.jar:/home/dhanuka/.m2/repository/io/netty/netty-handler-proxy/4.1.65.Final/netty-handler-proxy-4.1.65.Final.jar:/home/dhanuka/.m2/repository/io/netty/netty-codec/4.1.65.Final/netty-codec-4.1.65.Final.jar:/home/dhanuka/.m2/repository/io/netty/netty-codec-socks/4.1.65.Final/netty-codec-socks-4.1.65.Final.jar:/home/dhanuka/.m2/repository/io/netty/netty-common/4.1.65.Final/netty-common-4.1.65.Final.jar:/home/dhanuka/.m2/repository/org/apache/activemq/artemis-server/2.17.0/artemis-server-2.17.0.jar:/home/dhanuka/.m2/repository/org/jboss/logmanager/jboss-logmanager/2.1.10.Final/jboss-logmanager-2.1.10.Final.jar:/home/dhanuka/.m2/repository/org/wildfly/common/wildfly-common/1.5.1.Final/wildfly-common-1.5.1.Final.jar:/home/dhanuka/.m2/repository/org/apache/activemq/artemis-jdbc-store/2.17.0/artemis-jdbc-store-2.17.0.jar:/home/dhanuka/.m2/repository/org/apache/commons/commons-dbcp2/2.8.0/commons-dbcp2-2.8.0.jar:/home/dhanuka/.m2/repository/org/apache/commons/commons-pool2/2.9.0/commons-pool2-2.9.0.jar:/home/dhanuka/.m2/repository/org/apache/activemq/activemq-artemis-native/1.0.2/activemq-artemis-native-1.0.2.jar:/home/dhanuka/.m2/repository/org/jctools/jctools-core/2.1.2/jctools-core-2.1.2.jar:/home/dhanuka/.m2/repository/commons-beanutils/commons-beanutils/1.9.4/commons-beanutils-1.9.4.jar:/home/dhanuka/.m2/repository/commons-collections/commons-collections/3.2.2/commons-collections-3.2.2.jar:/home/dhanuka/.m2/repository/org/apache/commons/commons-configuration2/2.7/commons-configuration2-2.7.jar:/home/dhanuka/.m2/repository/org/apache/commons/commons-text/1.8/commons-text-1.8.jar:/home/dhanuka/.m2/repository/org/apache/activemq/artemis-journal/2.17.0/artemis-journal-2.17.0.jar:/home/dhanuka/.m2/repository/org/apache/activemq/artemis-commons/2.17.0/artemis-commons-2.17.0.jar:/home/dhanuka/.m2/repository/org/apache/activemq/artemis-service-extensions/2.17.0/artemis-service-extensions-2.17.0.jar:/home/dhanuka/.m2/repository/org/apache/geronimo/specs/geronimo-jms_2.0_spec/1.0-alpha-2/geronimo-jms_2.0_spec-1.0-alpha-2.jar:/home/dhanuka/.m2/repository/org/apache/geronimo/specs/geronimo-jta_1.1_spec/1.1.1/geronimo-jta_1.1_spec-1.1.1.jar:/home/dhanuka/.m2/repository/com/fasterxml/jackson/module/jackson-module-parameter-names/2.12.3/jackson-module-parameter-names-2.12.3.jar:/home/dhanuka/.m2/repository/com/fasterxml/jackson/core/jackson-core/2.12.3/jackson-core-2.12.3.jar:/home/dhanuka/.m2/repository/com/fasterxml/jackson/datatype/jackson-datatype-jsr310/2.12.3/jackson-datatype-jsr310-2.12.3.jar:/home/dhanuka/.m2/repository/com/fasterxml/jackson/core/jackson-annotations/2.12.3/jackson-annotations-2.12.3.jar:/home/dhanuka/.m2/repository/com/fasterxml/jackson/datatype/jackson-datatype-jdk8/2.12.3/jackson-datatype-jdk8-2.12.3.jar:"/>
    <property name="java.vm.vendor" value="Oracle Corporation"/>
    <property name="sun.arch.data.model" value="64"/>
    <property name="java.vendor.url" value="https://java.oracle.com/"/>
    <property name="os.name" value="Linux"/>
    <property name="java.vm.specification.version" value="16"/>
    <property name="sun.java.launcher" value="SUN_STANDARD"/>
    <property name="user.country" value="US"/>
    <property name="sun.boot.library.path" value="/home/dhanuka/software/jdk-16.0.1_linux-x64_bin/jdk-16.0.1/lib"/>
    <property name="sun.java.command" value="/home/dhanuka/research/springboot/sb-transaction-service/target/surefire/surefirebooter943728603081080961.jar /home/dhanuka/research/springboot/sb-transaction-service/target/surefire 2021-08-21T21-31-59_331-jvmRun1 surefire11390509478032548492tmp surefire_016429777250390418197tmp"/>
    <property name="jdk.debug" value="release"/>
    <property name="surefire.test.class.path" value="/home/dhanuka/research/springboot/sb-transaction-service/target/test-classes:/home/dhanuka/research/springboot/sb-transaction-service/target/classes:/home/dhanuka/.m2/repository/org/springframework/boot/spring-boot-starter-web/2.5.2/spring-boot-starter-web-2.5.2.jar:/home/dhanuka/.m2/repository/org/springframework/boot/spring-boot-starter-json/2.5.2/spring-boot-starter-json-2.5.2.jar:/home/dhanuka/.m2/repository/org/springframework/boot/spring-boot-starter-tomcat/2.5.2/spring-boot-starter-tomcat-2.5.2.jar:/home/dhanuka/.m2/repository/org/apache/tomcat/embed/tomcat-embed-core/9.0.48/tomcat-embed-core-9.0.48.jar:/home/dhanuka/.m2/repository/org/apache/tomcat/embed/tomcat-embed-websocket/9.0.48/tomcat-embed-websocket-9.0.48.jar:/home/dhanuka/.m2/repository/org/springframework/spring-web/5.3.8/spring-web-5.3.8.jar:/home/dhanuka/.m2/repository/org/springframework/spring-beans/5.3.8/spring-beans-5.3.8.jar:/home/dhanuka/.m2/repository/org/springframework/spring-webmvc/5.3.8/spring-webmvc-5.3.8.jar:/home/dhanuka/.m2/repository/org/springframework/spring-aop/5.3.8/spring-aop-5.3.8.jar:/home/dhanuka/.m2/repository/org/springframework/spring-context/5.3.8/spring-context-5.3.8.jar:/home/dhanuka/.m2/repository/org/springframework/spring-expression/5.3.8/spring-expression-5.3.8.jar:/home/dhanuka/.m2/repository/org/springframework/boot/spring-boot-starter-test/2.5.2/spring-boot-starter-test-2.5.2.jar:/home/dhanuka/.m2/repository/org/springframework/boot/spring-boot-test/2.5.2/spring-boot-test-2.5.2.jar:/home/dhanuka/.m2/repository/org/springframework/boot/spring-boot-test-autoconfigure/2.5.2/spring-boot-test-autoconfigure-2.5.2.jar:/home/dhanuka/.m2/repository/com/jayway/jsonpath/json-path/2.5.0/json-path-2.5.0.jar:/home/dhanuka/.m2/repository/net/minidev/json-smart/2.4.7/json-smart-2.4.7.jar:/home/dhanuka/.m2/repository/net/minidev/accessors-smart/2.4.7/accessors-smart-2.4.7.jar:/home/dhanuka/.m2/repository/org/ow2/asm/asm/9.1/asm-9.1.jar:/home/dhanuka/.m2/repository/jakarta/xml/bind/jakarta.xml.bind-api/2.3.3/jakarta.xml.bind-api-2.3.3.jar:/home/dhanuka/.m2/repository/jakarta/activation/jakarta.activation-api/1.2.2/jakarta.activation-api-1.2.2.jar:/home/dhanuka/.m2/repository/org/assertj/assertj-core/3.19.0/assertj-core-3.19.0.jar:/home/dhanuka/.m2/repository/org/hamcrest/hamcrest/2.2/hamcrest-2.2.jar:/home/dhanuka/.m2/repository/org/junit/jupiter/junit-jupiter/5.7.2/junit-jupiter-5.7.2.jar:/home/dhanuka/.m2/repository/org/junit/jupiter/junit-jupiter-params/5.7.2/junit-jupiter-params-5.7.2.jar:/home/dhanuka/.m2/repository/org/mockito/mockito-core/3.9.0/mockito-core-3.9.0.jar:/home/dhanuka/.m2/repository/net/bytebuddy/byte-buddy/1.10.22/byte-buddy-1.10.22.jar:/home/dhanuka/.m2/repository/net/bytebuddy/byte-buddy-agent/1.10.22/byte-buddy-agent-1.10.22.jar:/home/dhanuka/.m2/repository/org/objenesis/objenesis/3.2/objenesis-3.2.jar:/home/dhanuka/.m2/repository/org/skyscreamer/jsonassert/1.5.0/jsonassert-1.5.0.jar:/home/dhanuka/.m2/repository/com/vaadin/external/google/android-json/0.0.20131108.vaadin1/android-json-0.0.20131108.vaadin1.jar:/home/dhanuka/.m2/repository/org/springframework/spring-core/5.3.8/spring-core-5.3.8.jar:/home/dhanuka/.m2/repository/org/springframework/spring-jcl/5.3.8/spring-jcl-5.3.8.jar:/home/dhanuka/.m2/repository/org/springframework/spring-test/5.3.8/spring-test-5.3.8.jar:/home/dhanuka/.m2/repository/org/xmlunit/xmlunit-core/2.8.2/xmlunit-core-2.8.2.jar:/home/dhanuka/.m2/repository/javax/xml/bind/jaxb-api/2.3.1/jaxb-api-2.3.1.jar:/home/dhanuka/.m2/repository/javax/activation/javax.activation-api/1.2.0/javax.activation-api-1.2.0.jar:/home/dhanuka/.m2/repository/com/sun/xml/bind/jaxb-core/2.3.0/jaxb-core-2.3.0.jar:/home/dhanuka/.m2/repository/com/sun/xml/bind/jaxb-impl/2.3.0/jaxb-impl-2.3.0.jar:/home/dhanuka/.m2/repository/org/mapstruct/mapstruct/1.4.2.Final/mapstruct-1.4.2.Final.jar:/home/dhanuka/.m2/repository/org/awaitility/awaitility/4.0.3/awaitility-4.0.3.jar:/home/dhanuka/.m2/repository/org/springframework/boot/spring-boot-starter/2.5.2/spring-boot-starter-2.5.2.jar:/home/dhanuka/.m2/repository/org/springframework/boot/spring-boot/2.5.2/spring-boot-2.5.2.jar:/home/dhanuka/.m2/repository/org/springframework/boot/spring-boot-autoconfigure/2.5.2/spring-boot-autoconfigure-2.5.2.jar:/home/dhanuka/.m2/repository/org/springframework/boot/spring-boot-starter-logging/2.5.2/spring-boot-starter-logging-2.5.2.jar:/home/dhanuka/.m2/repository/ch/qos/logback/logback-classic/1.2.3/logback-classic-1.2.3.jar:/home/dhanuka/.m2/repository/ch/qos/logback/logback-core/1.2.3/logback-core-1.2.3.jar:/home/dhanuka/.m2/repository/org/apache/logging/log4j/log4j-to-slf4j/2.14.1/log4j-to-slf4j-2.14.1.jar:/home/dhanuka/.m2/repository/org/apache/logging/log4j/log4j-api/2.14.1/log4j-api-2.14.1.jar:/home/dhanuka/.m2/repository/org/slf4j/jul-to-slf4j/1.7.31/jul-to-slf4j-1.7.31.jar:/home/dhanuka/.m2/repository/jakarta/annotation/jakarta.annotation-api/1.3.5/jakarta.annotation-api-1.3.5.jar:/home/dhanuka/.m2/repository/org/yaml/snakeyaml/1.28/snakeyaml-1.28.jar:/home/dhanuka/.m2/repository/org/springframework/boot/spring-boot-starter-data-jpa/2.5.2/spring-boot-starter-data-jpa-2.5.2.jar:/home/dhanuka/.m2/repository/org/springframework/boot/spring-boot-starter-aop/2.5.2/spring-boot-starter-aop-2.5.2.jar:/home/dhanuka/.m2/repository/org/aspectj/aspectjweaver/1.9.6/aspectjweaver-1.9.6.jar:/home/dhanuka/.m2/repository/org/springframework/boot/spring-boot-starter-jdbc/2.5.2/spring-boot-starter-jdbc-2.5.2.jar:/home/dhanuka/.m2/repository/com/zaxxer/HikariCP/4.0.3/HikariCP-4.0.3.jar:/home/dhanuka/.m2/repository/org/springframework/spring-jdbc/5.3.8/spring-jdbc-5.3.8.jar:/home/dhanuka/.m2/repository/jakarta/transaction/jakarta.transaction-api/1.3.3/jakarta.transaction-api-1.3.3.jar:/home/dhanuka/.m2/repository/jakarta/persistence/jakarta.persistence-api/2.2.3/jakarta.persistence-api-2.2.3.jar:/home/dhanuka/.m2/repository/org/hibernate/hibernate-core/5.4.32.Final/hibernate-core-5.4.32.Final.jar:/home/dhanuka/.m2/repository/org/javassist/javassist/3.27.0-GA/javassist-3.27.0-GA.jar:/home/dhanuka/.m2/repository/antlr/antlr/2.7.7/antlr-2.7.7.jar:/home/dhanuka/.m2/repository/org/jboss/jandex/2.2.3.Final/jandex-2.2.3.Final.jar:/home/dhanuka/.m2/repository/com/fasterxml/classmate/1.5.1/classmate-1.5.1.jar:/home/dhanuka/.m2/repository/org/dom4j/dom4j/2.1.3/dom4j-2.1.3.jar:/home/dhanuka/.m2/repository/org/hibernate/common/hibernate-commons-annotations/5.1.2.Final/hibernate-commons-annotations-5.1.2.Final.jar:/home/dhanuka/.m2/repository/org/glassfish/jaxb/jaxb-runtime/2.3.4/jaxb-runtime-2.3.4.jar:/home/dhanuka/.m2/repository/org/glassfish/jaxb/txw2/2.3.4/txw2-2.3.4.jar:/home/dhanuka/.m2/repository/com/sun/istack/istack-commons-runtime/3.0.12/istack-commons-runtime-3.0.12.jar:/home/dhanuka/.m2/repository/com/sun/activation/jakarta.activation/1.2.2/jakarta.activation-1.2.2.jar:/home/dhanuka/.m2/repository/org/springframework/data/spring-data-jpa/2.5.2/spring-data-jpa-2.5.2.jar:/home/dhanuka/.m2/repository/org/springframework/data/spring-data-commons/2.5.2/spring-data-commons-2.5.2.jar:/home/dhanuka/.m2/repository/org/springframework/spring-orm/5.3.8/spring-orm-5.3.8.jar:/home/dhanuka/.m2/repository/org/springframework/spring-aspects/5.3.8/spring-aspects-5.3.8.jar:/home/dhanuka/.m2/repository/org/springframework/boot/spring-boot-starter-artemis/2.5.2/spring-boot-starter-artemis-2.5.2.jar:/home/dhanuka/.m2/repository/jakarta/jms/jakarta.jms-api/2.0.3/jakarta.jms-api-2.0.3.jar:/home/dhanuka/.m2/repository/jakarta/json/jakarta.json-api/1.1.6/jakarta.json-api-1.1.6.jar:/home/dhanuka/.m2/repository/org/springframework/spring-jms/5.3.8/spring-jms-5.3.8.jar:/home/dhanuka/.m2/repository/org/apache/activemq/artemis-jms-client/2.17.0/artemis-jms-client-2.17.0.jar:/home/dhanuka/.m2/repository/org/apache/activemq/artemis-selector/2.17.0/artemis-selector-2.17.0.jar:/home/dhanuka/.m2/repository/com/h2database/h2/1.4.200/h2-1.4.200.jar:/home/dhanuka/.m2/repository/mysql/mysql-connector-java/8.0.25/mysql-connector-java-8.0.25.jar:/home/dhanuka/.m2/repository/net/logstash/logback/logstash-logback-encoder/6.3/logstash-logback-encoder-6.3.jar:/home/dhanuka/.m2/repository/com/fasterxml/jackson/core/jackson-databind/2.12.3/jackson-databind-2.12.3.jar:/home/dhanuka/.m2/repository/org/springframework/boot/spring-boot-starter-validation/2.5.2/spring-boot-starter-validation-2.5.2.jar:/home/dhanuka/.m2/repository/org/apache/tomcat/embed/tomcat-embed-el/9.0.48/tomcat-embed-el-9.0.48.jar:/home/dhanuka/.m2/repository/org/hibernate/validator/hibernate-validator/6.2.0.Final/hibernate-validator-6.2.0.Final.jar:/home/dhanuka/.m2/repository/jakarta/validation/jakarta.validation-api/2.0.2/jakarta.validation-api-2.0.2.jar:/home/dhanuka/.m2/repository/org/springframework/boot/spring-boot-starter-actuator/2.5.2/spring-boot-starter-actuator-2.5.2.jar:/home/dhanuka/.m2/repository/org/springframework/boot/spring-boot-actuator-autoconfigure/2.5.2/spring-boot-actuator-autoconfigure-2.5.2.jar:/home/dhanuka/.m2/repository/org/springframework/boot/spring-boot-actuator/2.5.2/spring-boot-actuator-2.5.2.jar:/home/dhanuka/.m2/repository/io/micrometer/micrometer-core/1.7.1/micrometer-core-1.7.1.jar:/home/dhanuka/.m2/repository/org/hdrhistogram/HdrHistogram/2.1.12/HdrHistogram-2.1.12.jar:/home/dhanuka/.m2/repository/org/latencyutils/LatencyUtils/2.0.3/LatencyUtils-2.0.3.jar:/home/dhanuka/.m2/repository/org/projectlombok/lombok/1.18.20/lombok-1.18.20.jar:/home/dhanuka/.m2/repository/org/junit/jupiter/junit-jupiter-api/5.7.2/junit-jupiter-api-5.7.2.jar:/home/dhanuka/.m2/repository/org/apiguardian/apiguardian-api/1.1.0/apiguardian-api-1.1.0.jar:/home/dhanuka/.m2/repository/org/opentest4j/opentest4j/1.2.0/opentest4j-1.2.0.jar:/home/dhanuka/.m2/repository/org/junit/platform/junit-platform-commons/1.7.2/junit-platform-commons-1.7.2.jar:/home/dhanuka/.m2/repository/org/junit/jupiter/junit-jupiter-engine/5.7.2/junit-jupiter-engine-5.7.2.jar:/home/dhanuka/.m2/repository/org/junit/platform/junit-platform-engine/1.7.2/junit-platform-engine-1.7.2.jar:/home/dhanuka/.m2/repository/org/mockito/mockito-junit-jupiter/3.9.0/mockito-junit-jupiter-3.9.0.jar:/home/dhanuka/.m2/repository/com/github/JensPiegsa/wiremock-extension/0.4.0/wiremock-extension-0.4.0.jar:/home/dhanuka/.m2/repository/com/github/tomakehurst/wiremock/2.19.0/wiremock-2.19.0.jar:/home/dhanuka/.m2/repository/org/eclipse/jetty/jetty-server/9.4.42.v20210604/jetty-server-9.4.42.v20210604.jar:/home/dhanuka/.m2/repository/javax/servlet/javax.servlet-api/4.0.1/javax.servlet-api-4.0.1.jar:/home/dhanuka/.m2/repository/org/eclipse/jetty/jetty-http/9.4.42.v20210604/jetty-http-9.4.42.v20210604.jar:/home/dhanuka/.m2/repository/org/eclipse/jetty/jetty-io/9.4.42.v20210604/jetty-io-9.4.42.v20210604.jar:/home/dhanuka/.m2/repository/org/eclipse/jetty/jetty-servlet/9.4.42.v20210604/jetty-servlet-9.4.42.v20210604.jar:/home/dhanuka/.m2/repository/org/eclipse/jetty/jetty-security/9.4.42.v20210604/jetty-security-9.4.42.v20210604.jar:/home/dhanuka/.m2/repository/org/eclipse/jetty/jetty-util-ajax/9.4.42.v20210604/jetty-util-ajax-9.4.42.v20210604.jar:/home/dhanuka/.m2/repository/org/eclipse/jetty/jetty-servlets/9.4.42.v20210604/jetty-servlets-9.4.42.v20210604.jar:/home/dhanuka/.m2/repository/org/eclipse/jetty/jetty-continuation/9.4.42.v20210604/jetty-continuation-9.4.42.v20210604.jar:/home/dhanuka/.m2/repository/org/eclipse/jetty/jetty-util/9.4.42.v20210604/jetty-util-9.4.42.v20210604.jar:/home/dhanuka/.m2/repository/org/eclipse/jetty/jetty-webapp/9.4.42.v20210604/jetty-webapp-9.4.42.v20210604.jar:/home/dhanuka/.m2/repository/org/eclipse/jetty/jetty-xml/9.4.42.v20210604/jetty-xml-9.4.42.v20210604.jar:/home/dhanuka/.m2/repository/org/xmlunit/xmlunit-legacy/2.8.2/xmlunit-legacy-2.8.2.jar:/home/dhanuka/.m2/repository/net/sf/jopt-simple/jopt-simple/5.0.3/jopt-simple-5.0.3.jar:/home/dhanuka/.m2/repository/junit/junit/4.13.2/junit-4.13.2.jar:/home/dhanuka/.m2/repository/org/apache/commons/commons-lang3/3.12.0/commons-lang3-3.12.0.jar:/home/dhanuka/.m2/repository/com/flipkart/zjsonpatch/zjsonpatch/0.4.4/zjsonpatch-0.4.4.jar:/home/dhanuka/.m2/repository/com/github/jknack/handlebars/4.0.7/handlebars-4.0.7.jar:/home/dhanuka/.m2/repository/com/github/jknack/handlebars-helpers/4.0.7/handlebars-helpers-4.0.7.jar:/home/dhanuka/.m2/repository/org/springframework/statemachine/spring-statemachine-core/2.1.2.RELEASE/spring-statemachine-core-2.1.2.RELEASE.jar:/home/dhanuka/.m2/repository/org/springframework/spring-tx/5.3.8/spring-tx-5.3.8.jar:/home/dhanuka/.m2/repository/org/springframework/spring-messaging/5.3.8/spring-messaging-5.3.8.jar:/home/dhanuka/.m2/repository/com/atlassian/oai/swagger-request-validator-core/2.15.1/swagger-request-validator-core-2.15.1.jar:/home/dhanuka/.m2/repository/io/swagger/parser/v3/swagger-parser/2.0.24/swagger-parser-2.0.24.jar:/home/dhanuka/.m2/repository/io/swagger/parser/v3/swagger-parser-v2-converter/2.0.24/swagger-parser-v2-converter-2.0.24.jar:/home/dhanuka/.m2/repository/io/swagger/swagger-core/1.6.2/swagger-core-1.6.2.jar:/home/dhanuka/.m2/repository/io/swagger/swagger-models/1.6.2/swagger-models-1.6.2.jar:/home/dhanuka/.m2/repository/io/swagger/swagger-annotations/1.6.2/swagger-annotations-1.6.2.jar:/home/dhanuka/.m2/repository/javax/validation/validation-api/2.0.1.Final/validation-api-2.0.1.Final.jar:/home/dhanuka/.m2/repository/io/swagger/swagger-parser/1.0.53/swagger-parser-1.0.53.jar:/home/dhanuka/.m2/repository/org/slf4j/slf4j-ext/1.7.31/slf4j-ext-1.7.31.jar:/home/dhanuka/.m2/repository/io/swagger/swagger-compat-spec-parser/1.0.53/swagger-compat-spec-parser-1.0.53.jar:/home/dhanuka/.m2/repository/com/github/java-json-tools/json-patch/1.13/json-patch-1.13.jar:/home/dhanuka/.m2/repository/io/swagger/core/v3/swagger-models/2.1.5/swagger-models-2.1.5.jar:/home/dhanuka/.m2/repository/io/swagger/parser/v3/swagger-parser-core/2.0.24/swagger-parser-core-2.0.24.jar:/home/dhanuka/.m2/repository/io/swagger/parser/v3/swagger-parser-v3/2.0.24/swagger-parser-v3-2.0.24.jar:/home/dhanuka/.m2/repository/io/swagger/core/v3/swagger-core/2.1.5/swagger-core-2.1.5.jar:/home/dhanuka/.m2/repository/io/swagger/core/v3/swagger-annotations/2.1.5/swagger-annotations-2.1.5.jar:/home/dhanuka/.m2/repository/com/fasterxml/jackson/dataformat/jackson-dataformat-yaml/2.12.3/jackson-dataformat-yaml-2.12.3.jar:/home/dhanuka/.m2/repository/commons-io/commons-io/2.6/commons-io-2.6.jar:/home/dhanuka/.m2/repository/com/github/java-json-tools/json-schema-validator/2.2.14/json-schema-validator-2.2.14.jar:/home/dhanuka/.m2/repository/com/github/java-json-tools/jackson-coreutils-equivalence/1.0/jackson-coreutils-equivalence-1.0.jar:/home/dhanuka/.m2/repository/com/github/java-json-tools/jackson-coreutils/2.0/jackson-coreutils-2.0.jar:/home/dhanuka/.m2/repository/com/github/java-json-tools/msg-simple/1.2/msg-simple-1.2.jar:/home/dhanuka/.m2/repository/com/github/java-json-tools/btf/1.3/btf-1.3.jar:/home/dhanuka/.m2/repository/com/github/java-json-tools/json-schema-core/1.2.14/json-schema-core-1.2.14.jar:/home/dhanuka/.m2/repository/com/github/java-json-tools/uri-template/0.10/uri-template-0.10.jar:/home/dhanuka/.m2/repository/org/mozilla/rhino/1.7.7.2/rhino-1.7.7.2.jar:/home/dhanuka/.m2/repository/com/sun/mail/mailapi/1.6.2/mailapi-1.6.2.jar:/home/dhanuka/.m2/repository/joda-time/joda-time/2.10.5/joda-time-2.10.5.jar:/home/dhanuka/.m2/repository/com/googlecode/libphonenumber/libphonenumber/8.11.1/libphonenumber-8.11.1.jar:/home/dhanuka/.m2/repository/org/slf4j/slf4j-api/1.7.31/slf4j-api-1.7.31.jar:/home/dhanuka/.m2/repository/com/google/guava/guava/28.2-jre/guava-28.2-jre.jar:/home/dhanuka/.m2/repository/com/google/guava/failureaccess/1.0.1/failureaccess-1.0.1.jar:/home/dhanuka/.m2/repository/com/google/guava/listenablefuture/9999.0-empty-to-avoid-conflict-with-guava/listenablefuture-9999.0-empty-to-avoid-conflict-with-guava.jar:/home/dhanuka/.m2/repository/org/checkerframework/checker-qual/2.10.0/checker-qual-2.10.0.jar:/home/dhanuka/.m2/repository/com/google/errorprone/error_prone_annotations/2.3.4/error_prone_annotations-2.3.4.jar:/home/dhanuka/.m2/repository/com/google/j2objc/j2objc-annotations/1.3/j2objc-annotations-1.3.jar:/home/dhanuka/.m2/repository/com/google/code/findbugs/jsr305/3.0.2/jsr305-3.0.2.jar:/home/dhanuka/.m2/repository/com/atlassian/oai/swagger-request-validator-mockmvc/2.15.1/swagger-request-validator-mockmvc-2.15.1.jar:/home/dhanuka/.m2/repository/com/atlassian/oai/swagger-request-validator-springmvc/2.15.1/swagger-request-validator-springmvc-2.15.1.jar:/home/dhanuka/.m2/repository/org/apache/httpcomponents/httpasyncclient/4.1.4/httpasyncclient-4.1.4.jar:/home/dhanuka/.m2/repository/org/apache/httpcomponents/httpcore/4.4.14/httpcore-4.4.14.jar:/home/dhanuka/.m2/repository/org/apache/httpcomponents/httpcore-nio/4.4.14/httpcore-nio-4.4.14.jar:/home/dhanuka/.m2/repository/org/apache/httpcomponents/httpclient/4.5.13/httpclient-4.5.13.jar:/home/dhanuka/.m2/repository/commons-codec/commons-codec/1.15/commons-codec-1.15.jar:/home/dhanuka/.m2/repository/org/apache/activemq/artemis-jms-server/2.17.0/artemis-jms-server-2.17.0.jar:/home/dhanuka/.m2/repository/org/jboss/logging/jboss-logging/3.4.2.Final/jboss-logging-3.4.2.Final.jar:/home/dhanuka/.m2/repository/org/apache/activemq/artemis-core-client/2.17.0/artemis-core-client-2.17.0.jar:/home/dhanuka/.m2/repository/org/jgroups/jgroups/3.6.13.Final/jgroups-3.6.13.Final.jar:/home/dhanuka/.m2/repository/org/apache/johnzon/johnzon-core/1.2.13/johnzon-core-1.2.13.jar:/home/dhanuka/.m2/repository/io/netty/netty-transport-native-epoll/4.1.65.Final/netty-transport-native-epoll-4.1.65.Final-linux-x86_64.jar:/home/dhanuka/.m2/repository/io/netty/netty-transport-native-unix-common/4.1.65.Final/netty-transport-native-unix-common-4.1.65.Final.jar:/home/dhanuka/.m2/repository/io/netty/netty-transport-native-kqueue/4.1.65.Final/netty-transport-native-kqueue-4.1.65.Final-osx-x86_64.jar:/home/dhanuka/.m2/repository/io/netty/netty-codec-http/4.1.65.Final/netty-codec-http-4.1.65.Final.jar:/home/dhanuka/.m2/repository/io/netty/netty-buffer/4.1.65.Final/netty-buffer-4.1.65.Final.jar:/home/dhanuka/.m2/repository/io/netty/netty-transport/4.1.65.Final/netty-transport-4.1.65.Final.jar:/home/dhanuka/.m2/repository/io/netty/netty-resolver/4.1.65.Final/netty-resolver-4.1.65.Final.jar:/home/dhanuka/.m2/repository/io/netty/netty-handler/4.1.65.Final/netty-handler-4.1.65.Final.jar:/home/dhanuka/.m2/repository/io/netty/netty-handler-proxy/4.1.65.Final/netty-handler-proxy-4.1.65.Final.jar:/home/dhanuka/.m2/repository/io/netty/netty-codec/4.1.65.Final/netty-codec-4.1.65.Final.jar:/home/dhanuka/.m2/repository/io/netty/netty-codec-socks/4.1.65.Final/netty-codec-socks-4.1.65.Final.jar:/home/dhanuka/.m2/repository/io/netty/netty-common/4.1.65.Final/netty-common-4.1.65.Final.jar:/home/dhanuka/.m2/repository/org/apache/activemq/artemis-server/2.17.0/artemis-server-2.17.0.jar:/home/dhanuka/.m2/repository/org/jboss/logmanager/jboss-logmanager/2.1.10.Final/jboss-logmanager-2.1.10.Final.jar:/home/dhanuka/.m2/repository/org/wildfly/common/wildfly-common/1.5.1.Final/wildfly-common-1.5.1.Final.jar:/home/dhanuka/.m2/repository/org/apache/activemq/artemis-jdbc-store/2.17.0/artemis-jdbc-store-2.17.0.jar:/home/dhanuka/.m2/repository/org/apache/commons/commons-dbcp2/2.8.0/commons-dbcp2-2.8.0.jar:/home/dhanuka/.m2/repository/org/apache/commons/commons-pool2/2.9.0/commons-pool2-2.9.0.jar:/home/dhanuka/.m2/repository/org/apache/activemq/activemq-artemis-native/1.0.2/activemq-artemis-native-1.0.2.jar:/home/dhanuka/.m2/repository/org/jctools/jctools-core/2.1.2/jctools-core-2.1.2.jar:/home/dhanuka/.m2/repository/commons-beanutils/commons-beanutils/1.9.4/commons-beanutils-1.9.4.jar:/home/dhanuka/.m2/repository/commons-collections/commons-collections/3.2.2/commons-collections-3.2.2.jar:/home/dhanuka/.m2/repository/org/apache/commons/commons-configuration2/2.7/commons-configuration2-2.7.jar:/home/dhanuka/.m2/repository/org/apache/commons/commons-text/1.8/commons-text-1.8.jar:/home/dhanuka/.m2/repository/org/apache/activemq/artemis-journal/2.17.0/artemis-journal-2.17.0.jar:/home/dhanuka/.m2/repository/org/apache/activemq/artemis-commons/2.17.0/artemis-commons-2.17.0.jar:/home/dhanuka/.m2/repository/org/apache/activemq/artemis-service-extensions/2.17.0/artemis-service-extensions-2.17.0.jar:/home/dhanuka/.m2/repository/org/apache/geronimo/specs/geronimo-jms_2.0_spec/1.0-alpha-2/geronimo-jms_2.0_spec-1.0-alpha-2.jar:/home/dhanuka/.m2/repository/org/apache/geronimo/specs/geronimo-jta_1.1_spec/1.1.1/geronimo-jta_1.1_spec-1.1.1.jar:/home/dhanuka/.m2/repository/com/fasterxml/jackson/module/jackson-module-parameter-names/2.12.3/jackson-module-parameter-names-2.12.3.jar:/home/dhanuka/.m2/repository/com/fasterxml/jackson/core/jackson-core/2.12.3/jackson-core-2.12.3.jar:/home/dhanuka/.m2/repository/com/fasterxml/jackson/datatype/jackson-datatype-jsr310/2.12.3/jackson-datatype-jsr310-2.12.3.jar:/home/dhanuka/.m2/repository/com/fasterxml/jackson/core/jackson-annotations/2.12.3/jackson-annotations-2.12.3.jar:/home/dhanuka/.m2/repository/com/fasterxml/jackson/datatype/jackson-datatype-jdk8/2.12.3/jackson-datatype-jdk8-2.12.3.jar:"/>
    <property name="sun.cpu.endian" value="little"/>
    <property name="user.home" value="/home/dhanuka"/>
    <property name="user.language" value="en"/>
    <property name="java.specification.vendor" value="Oracle Corporation"/>
    <property name="java.version.date" value="2021-04-20"/>
    <property name="java.home" value="/home/dhanuka/software/jdk-16.0.1_linux-x64_bin/jdk-16.0.1"/>
    <property name="file.separator" value="/"/>
    <property name="basedir" value="/home/dhanuka/research/springboot/sb-transaction-service"/>
    <property name="java.vm.compressedOopsMode" value="Zero based"/>
    <property name="line.separator" value="&#10;"/>
    <property name="java.vm.specification.vendor" value="Oracle Corporation"/>
    <property name="java.specification.name" value="Java Platform API Specification"/>
    <property name="surefire.real.class.path" value="/home/dhanuka/research/springboot/sb-transaction-service/target/surefire/surefirebooter943728603081080961.jar"/>
    <property name="sun.management.compiler" value="HotSpot 64-Bit Tiered Compilers"/>
    <property name="java.runtime.version" value="16.0.1+9-24"/>
    <property name="user.name" value="dhanuka"/>
    <property name="path.separator" value=":"/>
    <property name="os.version" value="4.15.0-153-generic"/>
    <property name="java.runtime.name" value="Java(TM) SE Runtime Environment"/>
    <property name="file.encoding" value="UTF-8"/>
    <property name="java.vm.name" value="Java HotSpot(TM) 64-Bit Server VM"/>
    <property name="localRepository" value="/home/dhanuka/.m2/repository"/>
    <property name="java.vendor.url.bug" value="https://bugreport.java.com/bugreport/"/>
    <property name="java.io.tmpdir" value="/tmp"/>
    <property name="java.version" value="16.0.1"/>
    <property name="user.dir" value="/home/dhanuka/research/springboot/sb-transaction-service"/>
    <property name="os.arch" value="amd64"/>
    <property name="java.vm.specification.name" value="Java Virtual Machine Specification"/>
    <property name="java.library.path" value="/usr/java/packages/lib:/usr/lib64:/lib64:/lib:/usr/lib"/>
    <property name="java.vm.info" value="mixed mode, sharing"/>
    <property name="java.vendor" value="Oracle Corporation"/>
    <property name="java.vm.version" value="16.0.1+9-24"/>
    <property name="sun.io.unicode.encoding" value="UnicodeLittle"/>
    <property name="java.class.version" value="60.0"/>
  </properties>
  <testcase name="testContextLoads" classname="com.sb.transaction.TransactionServiceTest" time="0"/>
</testsuite>